SF:/Users/mattlyons/Desktop/Development2/Guarrdon/Log4Net.RedisStream/Log4Net.RedisStream/Appender.cs
FN:13,System.String Log4Net.RedisStream.RedisStreamAppender::get_RedisConnectionString()
FNDA:5,System.String Log4Net.RedisStream.RedisStreamAppender::get_RedisConnectionString()
DA:14,5
FN:14,System.String Log4Net.RedisStream.RedisStreamAppender::get_RedisStreamName()
FNDA:2,System.String Log4Net.RedisStream.RedisStreamAppender::get_RedisStreamName()
DA:15,2
FN:15,System.String Log4Net.RedisStream.RedisStreamAppender::get_RedisStreamMessageField()
FNDA:12,System.String Log4Net.RedisStream.RedisStreamAppender::get_RedisStreamMessageField()
DA:16,12
FN:18,StackExchange.Redis.IConnectionMultiplexer Log4Net.RedisStream.RedisStreamAppender::get_RedisConnection()
FNDA:0,StackExchange.Redis.IConnectionMultiplexer Log4Net.RedisStream.RedisStreamAppender::get_RedisConnection()
DA:19,0
FN:21,StackExchange.Redis.IConnectionMultiplexer Log4Net.RedisStream.RedisStreamAppender::ConnectToRedis()
FNDA:2,StackExchange.Redis.IConnectionMultiplexer Log4Net.RedisStream.RedisStreamAppender::ConnectToRedis()
DA:22,2
DA:23,2
DA:24,2
DA:26,0
DA:27,0
DA:29,0
DA:30,0
BRDA:23,14,0,2
BRDA:23,14,1,0
BRDA:26,38,0,0
BRDA:26,38,1,0
FN:32,System.Void Log4Net.RedisStream.RedisStreamAppender/<Append>d__17::MoveNext()
FNDA:4,System.Void Log4Net.RedisStream.RedisStreamAppender/<Append>d__17::MoveNext()
DA:33,4
DA:35,4
DA:37,4
DA:38,1
DA:41,3
DA:42,3
DA:44,3
DA:47,2
DA:50,2
DA:53,2
DA:54,1
DA:55,1
DA:56,1
DA:57,1
DA:58,1
DA:59,1
DA:60,1
DA:61,1
DA:62,1
DA:63,1
DA:64,1
DA:65,1
DA:66,1
DA:67,1
DA:68,1
DA:69,0
DA:70,0
DA:71,0
DA:72,0
DA:75,4
BRDA:33,17,0,4
BRDA:37,40,0,3
BRDA:37,40,1,1
BRDA:37,63,0,1
BRDA:37,63,1,3
BRDA:33,17,1,3
BRDA:41,95,0,3
BRDA:50,235,1,2
BRDA:53,358,0,1
BRDA:53,358,1,1
BRDA:53,386,0,1
BRDA:53,386,1,1
LF:41
LH:32
BRF:16
BRH:13
FNF:6
FNH:5
end_of_record